{"name": "test_first_route[browser_page2-problem_user]", "status": "failed", "statusDetails": {"message": "AssertionError: Error!\nassert 0 < 0", "trace": "self = <test_cases.TestPages object at 0x1103f42d0>, test_page = <pages.base_page.BasePage object at 0x110d76950>, user = 'problem_user'\n\n    @pytest.mark.parametrize('user', [STANDARD_USER, PROBLEM_USER])\n    @allure.story('Тест по маршруту: user - выбор товара - корзина - \"оплата\".')\n    async def test_first_route(self, test_page: BasePage, user):\n        await test_page.visit(BASE_URL, waiting_flag=True)\n    \n        await test_page.log_in_system(user)\n    \n        with allure.step(f'Ожидаем загрузки товаров с максимальной задержкой в 3 секунды'):\n            try:\n                await test_page.page.wait_for_selector('div.inventory_list', timeout=3_000)\n            except TimeoutError:\n                raise Exception('Страница была загружена некорректно!')\n    \n        count_items_in_cart_before_adding = await test_page.get_count_goods_in_cart()\n    \n        with allure.step(f'Получим все товары со страницы с товарами'):\n            items = await test_page.page.locator('div.inventory_list > div.inventory_item:visible').all()\n    \n        random_item = choice(items)\n        title_item = (await random_item.locator('div.inventory_item_name').text_content()).strip()\n        with (allure.step(f'Random товар \"{title_item}\" добавляем в корзину')):\n            await random_item.locator('button.btn_inventory').click()\n    \n        count_items_in_cart_after_adding = await test_page.get_count_goods_in_cart()\n        with allure.step(f\"\"\"Проверяем, что количество товаров в корзине изменилось.\n                Было: '{count_items_in_cart_before_adding}'. Стало: '{count_items_in_cart_after_adding}'\"\"\"):\n>           assert count_items_in_cart_before_adding < count_items_in_cart_after_adding, 'Error!'\nE           AssertionError: Error!\nE           assert 0 < 0\n\ntests/test_cases.py:41: AssertionError"}, "steps": [{"name": "Открываем страницу по ссылке: \"https://www.saucedemo.com/\" c ожиданием полной загрузки", "status": "passed", "start": 1726385309509, "stop": 1726385310525}, {"name": "Задержка перед следующим шагом 1838", "status": "passed", "start": 1726385310525, "stop": 1726385312372}, {"name": "Пытаемся залогиниться в системе", "status": "passed", "steps": [{"name": "Заполнить input \"Поле ввода \"username\"\" значением \"problem_user\"", "status": "passed", "start": 1726385312373, "stop": 1726385312407}, {"name": "Заполнить input \"Поле ввода \"password\"\" значением \"secret_sauce\"", "status": "passed", "start": 1726385312407, "stop": 1726385312434}, {"name": "Кликнуть на \"button\" с именем \"Кнопка \"Login\"\"", "status": "passed", "start": 1726385312434, "stop": 1726385312519}], "start": 1726385312373, "stop": 1726385312519}, {"name": "Ожидаем загрузки товаров с максимальной задержкой в 3 секунды", "status": "passed", "start": 1726385312519, "stop": 1726385312542}, {"name": "Получим все товары со страницы с товарами", "status": "passed", "start": 1726385312548, "stop": 1726385312552}, {"name": "Random товар \"Sauce Labs Bolt T-Shirt\" добавляем в корзину", "status": "passed", "start": 1726385312558, "stop": 1726385312575}, {"name": "Проверяем, что количество товаров в корзине изменилось.\n                Было: '0'. Стало: '0'", "status": "failed", "statusDetails": {"message": "AssertionError: Error!\nassert 0 < 0\n", "trace": "  File \"/Users/sergejbostan/Desktop/testsProjects/qa_test_effective_mobile/tests/test_cases.py\", line 41, in test_first_route\n    assert count_items_in_cart_before_adding < count_items_in_cart_after_adding, 'Error!'\n"}, "start": 1726385312580, "stop": 1726385312580}], "parameters": [{"name": "browser_page", "value": "('webkit', None)"}, {"name": "user", "value": "'problem_user'"}], "start": 1726385309509, "stop": 1726385312580, "uuid": "d6556484-c654-47da-99e6-080c651e3100", "historyId": "13a9fdedd08916b4727e4888ae50721e", "testCaseId": "dd44d1175c6f224f8c88edbe1e4b9c2a", "fullName": "tests.test_cases.TestPages#test_first_route", "labels": [{"name": "feature", "value": "Тесты на ТЗ по вакансии QA auto Python"}, {"name": "story", "value": "Тест по маршруту: user - выбор товара - корзина - \"оплата\"."}, {"name": "tag", "value": "asyncio"}, {"name": "parentSuite", "value": "tests"}, {"name": "suite", "value": "test_cases"}, {"name": "subSuite", "value": "TestPages"}, {"name": "host", "value": "MacBook-Pro-Sergej.local"}, {"name": "thread", "value": "48689-MainThread"}, {"name": "framework", "value": "pytest"}, {"name": "language", "value": "cpython3"}, {"name": "package", "value": "tests.test_cases"}]}