{"name": "test_first_route[browser_page0-problem_user]", "status": "failed", "statusDetails": {"message": "AssertionError: Error!\nassert 0 < 0", "trace": "self = <test_cases.TestPages object at 0x1022bef90>, test_page = <pages.base_page.BasePage object at 0x102fc5e10>, user = 'problem_user'\n\n    @pytest.mark.parametrize('user', [STANDARD_USER, PROBLEM_USER])\n    @allure.story('Тест по маршруту: user - выбор товара - корзина - \"оплата\".')\n    async def test_first_route(self, test_page: BasePage, user):\n        await test_page.visit(BASE_URL, waiting_flag=True)\n    \n        await test_page.log_in_system(user)\n    \n        with allure.step(f'Ожидаем загрузки товаров с максимальной задержкой в 3 секунды'):\n            try:\n                await test_page.page.wait_for_selector('div.inventory_list', timeout=3_000)\n            except TimeoutError:\n                raise Exception('Страница была загружена некорректно!')\n    \n        count_items_in_cart_before_adding = await test_page.get_count_goods_in_cart()\n    \n        with allure.step(f'Получим все товары со страницы с товарами'):\n            items = await test_page.page.locator('div.inventory_list > div.inventory_item:visible').all()\n    \n        random_item = choice(items)\n        title_item = (await random_item.locator('div.inventory_item_name').text_content()).strip()\n        with (allure.step(f'Random товар \"{title_item}\" добавляем в корзину')):\n            await random_item.locator('button.btn_inventory').click()\n    \n        count_items_in_cart_after_adding = await test_page.get_count_goods_in_cart()\n        with allure.step(f\"\"\"Проверяем, что количество товаров в корзине изменилось.\n                Было: '{count_items_in_cart_before_adding}'. Стало: '{count_items_in_cart_after_adding}'\"\"\"):\n>           assert count_items_in_cart_before_adding < count_items_in_cart_after_adding, 'Error!'\nE           AssertionError: Error!\nE           assert 0 < 0\n\ntests/test_cases.py:41: AssertionError"}, "steps": [{"name": "Открываем страницу по ссылке: \"https://www.saucedemo.com/\" c ожиданием полной загрузки", "status": "passed", "start": 1726385113421, "stop": 1726385114699}, {"name": "Задержка перед следующим шагом 2351", "status": "passed", "start": 1726385114700, "stop": 1726385117060}, {"name": "Пытаемся залогиниться в системе", "status": "passed", "steps": [{"name": "Заполнить input \"Поле ввода \"username\"\" значением \"problem_user\"", "status": "passed", "start": 1726385117060, "stop": 1726385117107}, {"name": "Заполнить input \"Поле ввода \"password\"\" значением \"secret_sauce\"", "status": "passed", "start": 1726385117107, "stop": 1726385117140}, {"name": "Кликнуть на \"button\" с именем \"Кнопка \"Login\"\"", "status": "passed", "start": 1726385117140, "stop": 1726385117193}], "start": 1726385117060, "stop": 1726385117193}, {"name": "Ожидаем загрузки товаров с максимальной задержкой в 3 секунды", "status": "passed", "start": 1726385117193, "stop": 1726385117221}, {"name": "Получим все товары со страницы с товарами", "status": "passed", "start": 1726385117235, "stop": 1726385117240}, {"name": "Random товар \"Sauce Labs Fleece Jacket\" добавляем в корзину", "status": "passed", "start": 1726385117247, "stop": 1726385117277}, {"name": "Проверяем, что количество товаров в корзине изменилось.\n                Было: '0'. Стало: '0'", "status": "failed", "statusDetails": {"message": "AssertionError: Error!\nassert 0 < 0\n", "trace": "  File \"/Users/sergejbostan/Desktop/testsProjects/qa_test_effective_mobile/tests/test_cases.py\", line 41, in test_first_route\n    assert count_items_in_cart_before_adding < count_items_in_cart_after_adding, 'Error!'\n"}, "start": 1726385117284, "stop": 1726385117284}], "parameters": [{"name": "browser_page", "value": "('firefox', None)"}, {"name": "user", "value": "'problem_user'"}], "start": 1726385113421, "stop": 1726385117284, "uuid": "41b9f4e5-96a6-40e9-80eb-6e888e49123a", "historyId": "3d9c03aee2b7926ccd94f1bf30d052b5", "testCaseId": "dd44d1175c6f224f8c88edbe1e4b9c2a", "fullName": "tests.test_cases.TestPages#test_first_route", "labels": [{"name": "story", "value": "Тест по маршруту: user - выбор товара - корзина - \"оплата\"."}, {"name": "feature", "value": "Тесты на ТЗ по вакансии QA auto Python"}, {"name": "tag", "value": "asyncio"}, {"name": "parentSuite", "value": "tests"}, {"name": "suite", "value": "test_cases"}, {"name": "subSuite", "value": "TestPages"}, {"name": "host", "value": "MacBook-Pro-Sergej.local"}, {"name": "thread", "value": "48557-MainThread"}, {"name": "framework", "value": "pytest"}, {"name": "language", "value": "cpython3"}, {"name": "package", "value": "tests.test_cases"}]}