{"name": "test_first_route[browser_page0-problem_user]", "status": "failed", "statusDetails": {"message": "AssertionError: Error!\nassert 0 < 0", "trace": "self = <test_cases.TestPages object at 0x1103e3990>, test_page = <pages.base_page.BasePage object at 0x1109cb010>, user = 'problem_user'\n\n    @pytest.mark.parametrize('user', [STANDARD_USER, PROBLEM_USER])\n    @allure.story('Тест по маршруту: user - выбор товара - корзина - \"оплата\".')\n    async def test_first_route(self, test_page: BasePage, user):\n        await test_page.visit(BASE_URL, waiting_flag=True)\n    \n        await test_page.log_in_system(user)\n    \n        with allure.step(f'Ожидаем загрузки товаров с максимальной задержкой в 3 секунды'):\n            try:\n                await test_page.page.wait_for_selector('div.inventory_list', timeout=3_000)\n            except TimeoutError:\n                raise Exception('Страница была загружена некорректно!')\n    \n        count_items_in_cart_before_adding = await test_page.get_count_goods_in_cart()\n    \n        with allure.step(f'Получим все товары со страницы с товарами'):\n            items = await test_page.page.locator('div.inventory_list > div.inventory_item:visible').all()\n    \n        random_item = choice(items)\n        title_item = (await random_item.locator('div.inventory_item_name').text_content()).strip()\n        with (allure.step(f'Random товар \"{title_item}\" добавляем в корзину')):\n            await random_item.locator('button.btn_inventory').click()\n    \n        count_items_in_cart_after_adding = await test_page.get_count_goods_in_cart()\n        with allure.step(f\"\"\"Проверяем, что количество товаров в корзине изменилось.\n                Было: '{count_items_in_cart_before_adding}'. Стало: '{count_items_in_cart_after_adding}'\"\"\"):\n>           assert count_items_in_cart_before_adding < count_items_in_cart_after_adding, 'Error!'\nE           AssertionError: Error!\nE           assert 0 < 0\n\ntests/test_cases.py:41: AssertionError"}, "steps": [{"name": "Открываем страницу по ссылке: \"https://www.saucedemo.com/\" c ожиданием полной загрузки", "status": "passed", "start": 1726385275429, "stop": 1726385276423}, {"name": "Задержка перед следующим шагом 2124", "status": "passed", "start": 1726385276424, "stop": 1726385278561}, {"name": "Пытаемся залогиниться в системе", "status": "passed", "steps": [{"name": "Заполнить input \"Поле ввода \"username\"\" значением \"problem_user\"", "status": "passed", "start": 1726385278561, "stop": 1726385278601}, {"name": "Заполнить input \"Поле ввода \"password\"\" значением \"secret_sauce\"", "status": "passed", "start": 1726385278601, "stop": 1726385278653}, {"name": "Кликнуть на \"button\" с именем \"Кнопка \"Login\"\"", "status": "passed", "start": 1726385278653, "stop": 1726385278721}], "start": 1726385278561, "stop": 1726385278721}, {"name": "Ожидаем загрузки товаров с максимальной задержкой в 3 секунды", "status": "passed", "start": 1726385278721, "stop": 1726385278738}, {"name": "Получим все товары со страницы с товарами", "status": "passed", "start": 1726385278743, "stop": 1726385278747}, {"name": "Random товар \"Sauce Labs Fleece Jacket\" добавляем в корзину", "status": "passed", "start": 1726385278752, "stop": 1726385278775}, {"name": "Проверяем, что количество товаров в корзине изменилось.\n                Было: '0'. Стало: '0'", "status": "failed", "statusDetails": {"message": "AssertionError: Error!\nassert 0 < 0\n", "trace": "  File \"/Users/sergejbostan/Desktop/testsProjects/qa_test_effective_mobile/tests/test_cases.py\", line 41, in test_first_route\n    assert count_items_in_cart_before_adding < count_items_in_cart_after_adding, 'Error!'\n"}, "start": 1726385278780, "stop": 1726385278780}], "parameters": [{"name": "browser_page", "value": "('chromium', None)"}, {"name": "user", "value": "'problem_user'"}], "start": 1726385275427, "stop": 1726385278780, "uuid": "b3704259-272c-485e-af43-101b2b4a62ef", "historyId": "f0d79e6c954ba96a9e3dda5e3024797e", "testCaseId": "dd44d1175c6f224f8c88edbe1e4b9c2a", "fullName": "tests.test_cases.TestPages#test_first_route", "labels": [{"name": "feature", "value": "Тесты на ТЗ по вакансии QA auto Python"}, {"name": "story", "value": "Тест по маршруту: user - выбор товара - корзина - \"оплата\"."}, {"name": "tag", "value": "asyncio"}, {"name": "parentSuite", "value": "tests"}, {"name": "suite", "value": "test_cases"}, {"name": "subSuite", "value": "TestPages"}, {"name": "host", "value": "MacBook-Pro-Sergej.local"}, {"name": "thread", "value": "48689-MainThread"}, {"name": "framework", "value": "pytest"}, {"name": "language", "value": "cpython3"}, {"name": "package", "value": "tests.test_cases"}]}